-------------------------------------------------------------------------------
Test set: Parallel04IT
-------------------------------------------------------------------------------
Tests run: 5, Failures: 0, Errors: 5, Skipped: 0, Time elapsed: 0.873 s <<< FAILURE! - in Parallel04IT
"Iron Man The Handwasher" enters the virtual Public place battlefield and solves the list of all online questionnaires successfully related to precautions.(Super villain COVID-19 has struck Planet Earth, and humans are on the verge of extinction. Our superheroes, The Avengers have come to the rescue. This mission starts with battling our super villain at various Public places and educate humans  to fight COVID villain.)  Time elapsed: 0.403 s  <<< ERROR!
cucumber.runtime.junit.UndefinedThrowable: The step ""Iron Man 500" has navigated to the webApp" is undefined

"Iron Man The Handwasher" enters the virtual Public place battlefield and solves the list of all online questionnaires successfully related to precautions.(Super villain COVID-19 has struck Planet Earth, and humans are on the verge of extinction. Our superheroes, The Avengers have come to the rescue. This mission starts with battling our super villain at various Public places and educate humans  to fight COVID villain.)  Time elapsed: 0.403 s  <<< ERROR!
cucumber.runtime.junit.UndefinedThrowable: The step "enters his/her warrior name as "IronMan_500" and starts the journey" is undefined

"Iron Man The Handwasher" enters the virtual Public place battlefield and solves the list of all online questionnaires successfully related to precautions.(Super villain COVID-19 has struck Planet Earth, and humans are on the verge of extinction. Our superheroes, The Avengers have come to the rescue. This mission starts with battling our super villain at various Public places and educate humans  to fight COVID villain.)  Time elapsed: 0.403 s  <<< ERROR!
cucumber.runtime.junit.UndefinedThrowable: The step "selects his battlefield "PublicPlace"" is undefined

"Iron Man The Handwasher" enters the virtual Public place battlefield and solves the list of all online questionnaires successfully related to precautions.(Super villain COVID-19 has struck Planet Earth, and humans are on the verge of extinction. Our superheroes, The Avengers have come to the rescue. This mission starts with battling our super villain at various Public places and educate humans  to fight COVID villain.)  Time elapsed: 0.403 s  <<< ERROR!
cucumber.runtime.junit.UndefinedThrowable: The step "starts the questionnaire" is undefined

"Iron Man The Handwasher" enters the virtual Public place battlefield and solves the list of all online questionnaires successfully related to precautions.(Super villain COVID-19 has struck Planet Earth, and humans are on the verge of extinction. Our superheroes, The Avengers have come to the rescue. This mission starts with battling our super villain at various Public places and educate humans  to fight COVID villain.)  Time elapsed: 0.404 s  <<< ERROR!
cucumber.runtime.junit.UndefinedThrowable: The step "the questions are successfully attacked one at a time until the end "PublicPlace"" is undefined

