-------------------------------------------------------------------------------
Test set: Parallel02IT
-------------------------------------------------------------------------------
Tests run: 5, Failures: 0, Errors: 5, Skipped: 0, Time elapsed: 1.072 s <<< FAILURE! - in Parallel02IT
"Hulk SOAP" enters the virtual Bus battlefield and solves the list of all online questionnaires successfully.(Super villain COVID-19 has struck Planet Earth, and humans are on the verge of extinction. Our superheroes, The Avengers have come to the rescue. This mission starts with battling our super villain starting from Bus to other locations and educate humans to fight COVID villain.)  Time elapsed: 0.158 s  <<< ERROR!
cucumber.runtime.junit.UndefinedThrowable: The step ""Hulk 500" has navigated to the webApp" is undefined

"Hulk SOAP" enters the virtual Bus battlefield and solves the list of all online questionnaires successfully.(Super villain COVID-19 has struck Planet Earth, and humans are on the verge of extinction. Our superheroes, The Avengers have come to the rescue. This mission starts with battling our super villain starting from Bus to other locations and educate humans to fight COVID villain.)  Time elapsed: 0.158 s  <<< ERROR!
cucumber.runtime.junit.UndefinedThrowable: The step "enters his/her warrior name as "Hulk_500" and starts the journey" is undefined

"Hulk SOAP" enters the virtual Bus battlefield and solves the list of all online questionnaires successfully.(Super villain COVID-19 has struck Planet Earth, and humans are on the verge of extinction. Our superheroes, The Avengers have come to the rescue. This mission starts with battling our super villain starting from Bus to other locations and educate humans to fight COVID villain.)  Time elapsed: 0.158 s  <<< ERROR!
cucumber.runtime.junit.UndefinedThrowable: The step "selects his battlefield "Bus"" is undefined

"Hulk SOAP" enters the virtual Bus battlefield and solves the list of all online questionnaires successfully.(Super villain COVID-19 has struck Planet Earth, and humans are on the verge of extinction. Our superheroes, The Avengers have come to the rescue. This mission starts with battling our super villain starting from Bus to other locations and educate humans to fight COVID villain.)  Time elapsed: 0.159 s  <<< ERROR!
cucumber.runtime.junit.UndefinedThrowable: The step "starts the questionnaire" is undefined

"Hulk SOAP" enters the virtual Bus battlefield and solves the list of all online questionnaires successfully.(Super villain COVID-19 has struck Planet Earth, and humans are on the verge of extinction. Our superheroes, The Avengers have come to the rescue. This mission starts with battling our super villain starting from Bus to other locations and educate humans to fight COVID villain.)  Time elapsed: 0.159 s  <<< ERROR!
cucumber.runtime.junit.UndefinedThrowable: The step "the questions are successfully attacked one at a time until the end "Bus"" is undefined

