-------------------------------------------------------------------------------
Test set: Parallel03IT
-------------------------------------------------------------------------------
Tests run: 5, Failures: 0, Errors: 5, Skipped: 0, Time elapsed: 0.842 s <<< FAILURE! - in Parallel03IT
"BlackPanther Handwash" enters the virtual Office battlefield and solves the list of all online questionnaires successfully.(Super villain COVID-19 has struck Planet Earth, and humans are on the verge of extinction. Our superheroes, The Avengers have come to the rescue. This mission starts with battling our super villain starting from Office to other locations and educate humans to fight COVID villain.)  Time elapsed: 0.075 s  <<< ERROR!
cucumber.runtime.junit.UndefinedThrowable: The step ""BackPanther 500" has navigated to the webApp" is undefined

"BlackPanther Handwash" enters the virtual Office battlefield and solves the list of all online questionnaires successfully.(Super villain COVID-19 has struck Planet Earth, and humans are on the verge of extinction. Our superheroes, The Avengers have come to the rescue. This mission starts with battling our super villain starting from Office to other locations and educate humans to fight COVID villain.)  Time elapsed: 0.076 s  <<< ERROR!
cucumber.runtime.junit.UndefinedThrowable: The step "enters his/her warrior name as "BlackPanther_500" and starts the journey" is undefined

"BlackPanther Handwash" enters the virtual Office battlefield and solves the list of all online questionnaires successfully.(Super villain COVID-19 has struck Planet Earth, and humans are on the verge of extinction. Our superheroes, The Avengers have come to the rescue. This mission starts with battling our super villain starting from Office to other locations and educate humans to fight COVID villain.)  Time elapsed: 0.076 s  <<< ERROR!
cucumber.runtime.junit.UndefinedThrowable: The step "selects his battlefield "Office"" is undefined

"BlackPanther Handwash" enters the virtual Office battlefield and solves the list of all online questionnaires successfully.(Super villain COVID-19 has struck Planet Earth, and humans are on the verge of extinction. Our superheroes, The Avengers have come to the rescue. This mission starts with battling our super villain starting from Office to other locations and educate humans to fight COVID villain.)  Time elapsed: 0.076 s  <<< ERROR!
cucumber.runtime.junit.UndefinedThrowable: The step "starts the questionnaire" is undefined

"BlackPanther Handwash" enters the virtual Office battlefield and solves the list of all online questionnaires successfully.(Super villain COVID-19 has struck Planet Earth, and humans are on the verge of extinction. Our superheroes, The Avengers have come to the rescue. This mission starts with battling our super villain starting from Office to other locations and educate humans to fight COVID villain.)  Time elapsed: 0.076 s  <<< ERROR!
cucumber.runtime.junit.UndefinedThrowable: The step "the questions are successfully attacked one at a time until the end "Office"" is undefined

