-------------------------------------------------------------------------------
Test set: Parallel01IT
-------------------------------------------------------------------------------
Tests run: 5, Failures: 0, Errors: 5, Skipped: 0, Time elapsed: 10.864 s <<< FAILURE! - in Parallel01IT
"Thor Mask" enters the virtual Game battlefield and solves the list of all online questionnaires successfully.(Super villain COVID-19 has struck Planet Earth, and humans are on the verge of extinction. Our superheroes, The Avengers have come to the rescue. This mission starts with battling our super villain for various locations and educate humans to fight COVID villain.)  Time elapsed: 0.153 s  <<< ERROR!
cucumber.runtime.junit.UndefinedThrowable: The step ""Thor 500" has navigated to the webApp" is undefined

"Thor Mask" enters the virtual Game battlefield and solves the list of all online questionnaires successfully.(Super villain COVID-19 has struck Planet Earth, and humans are on the verge of extinction. Our superheroes, The Avengers have come to the rescue. This mission starts with battling our super villain for various locations and educate humans to fight COVID villain.)  Time elapsed: 0.153 s  <<< ERROR!
cucumber.runtime.junit.UndefinedThrowable: The step "enters his/her warrior name as "Thor_500" and starts the journey" is undefined

"Thor Mask" enters the virtual Game battlefield and solves the list of all online questionnaires successfully.(Super villain COVID-19 has struck Planet Earth, and humans are on the verge of extinction. Our superheroes, The Avengers have come to the rescue. This mission starts with battling our super villain for various locations and educate humans to fight COVID villain.)  Time elapsed: 0.153 s  <<< ERROR!
cucumber.runtime.junit.UndefinedThrowable: The step "selects his battlefield "Are you game"" is undefined

"Thor Mask" enters the virtual Game battlefield and solves the list of all online questionnaires successfully.(Super villain COVID-19 has struck Planet Earth, and humans are on the verge of extinction. Our superheroes, The Avengers have come to the rescue. This mission starts with battling our super villain for various locations and educate humans to fight COVID villain.)  Time elapsed: 0.153 s  <<< ERROR!
cucumber.runtime.junit.UndefinedThrowable: The step "starts the questionnaire" is undefined

"Thor Mask" enters the virtual Game battlefield and solves the list of all online questionnaires successfully.(Super villain COVID-19 has struck Planet Earth, and humans are on the verge of extinction. Our superheroes, The Avengers have come to the rescue. This mission starts with battling our super villain for various locations and educate humans to fight COVID villain.)  Time elapsed: 0.158 s  <<< ERROR!
cucumber.runtime.junit.UndefinedThrowable: The step "the questions are successfully attacked one at a time until the end "Are you game"" is undefined

