<?xml version="1.0" encoding="UTF-8"?><testsuite errors="0" failures="0" name="Super villain COVID-19 has struck Planet Earth, and humans are on the verge of extinction. Our superheroes, The Avengers have come to the rescue. This mission starts with battling our super villain for various locations and educate humans to fight COVID villain." skipped="0" tests="1" time="48.3" timestamp="2020-10-14 10:39:07"><testcase name="&quot;Thor Mask&quot; enters the virtual Game battlefield and solves the list of all online questionnaires successfully."/></testsuite>