<?xml version="1.0" encoding="UTF-8"?><testsuite errors="0" failures="0" name="Super villain COVID-19 has struck Planet Earth, and humans are on the verge of extinction. Our superheroes, The Avengers have come to the rescue. This mission starts with battling our super villain starting from Office to other locations and educate humans to fight COVID villain." skipped="0" tests="1" time="62.93" timestamp="2020-10-14 10:39:55"><testcase name="&quot;BlackPanther Invisible Distance&quot; enters the virtual Office battlefield and solves the list of all online questionnaires successfully."/></testsuite>