<?xml version="1.0" encoding="UTF-8"?><testsuite errors="0" failures="0" name="Super villain COVID-19 has struck Planet Earth, and humans are on the verge of extinction. Our superheroes, The Avengers have come to the rescue. This mission starts with battling our super villain starting from Bus to other locations and educate humans to fight COVID villain." skipped="0" tests="1" time="83.35" timestamp="2020-10-14 11:05:36"><testcase name="&quot;Hulk SOAP&quot; enters the virtual Bus battlefield and solves the list of all online questionnaires successfully."/></testsuite>