<?xml version="1.0" encoding="UTF-8"?><testsuite errors="0" failures="0" name="Super villain COVID-19 has struck Planet Earth, and humans are on the verge of extinction. Our superheroes, The Avengers have come to the rescue. This mission starts with battling our super villain at various Public places and educate humans  to fight COVID villain." skipped="0" tests="1" time="74.38" timestamp="2020-10-14 11:09:23"><testcase name="&quot;Iron Man The Handwasher&quot; enters the virtual Public place battlefield and solves the list of all online questionnaires successfully related to precautions."/></testsuite>